
 ===================================================
  XFOIL Version 6.99
  Copyright (C) 2000   Mark Drela, Harold Youngren

  This software comes with ABSOLUTELY NO WARRANTY,
    subject to the GNU General Public License.

  Caveat computor
 ===================================================

 File  xfoil.def  not found

   QUIT    Exit program

  .OPER    Direct operating point(s)
  .MDES    Complex mapping design routine
  .QDES    Surface speed design routine
  .GDES    Geometry design routine

   SAVE f  Write airfoil to labeled coordinate file
   PSAV f  Write airfoil to plain coordinate file
   ISAV f  Write airfoil to ISES coordinate file
   MSAV f  Write airfoil to MSES coordinate file
   REVE    Reverse written-airfoil node ordering

   LOAD f  Read buffer airfoil from coordinate file
   NACA i  Set NACA 4,5-digit airfoil and buffer airfoil
   INTE    Set buffer airfoil by interpolating two airfoils
   NORM    Buffer airfoil normalization toggle
   XYCM rr Change CM reference location, currently  0.25000 0.00000

   BEND    Display structural properties of current airfoil

   PCOP    Set current-airfoil panel nodes directly from buffer airfoil points
   PANE    Set current-airfoil panel nodes ( 160 ) based on curvature
  .PPAR    Show/change paneling

  .PLOP    Plotting options

   WDEF f  Write  current-settings file
   RDEF f  Reread current-settings file
   NAME s  Specify new airfoil name
   NINC    Increment name version number

   Z       Zoom    | (available in all menus)
   U       Unzoom  | 

 XFOIL   c>  
 Labeled airfoil file.  Name:  xfoil                                           

 Number of input coordinate points:  82
 Counterclockwise ordering
 Max thickness =     0.120666  at x =   0.282
 Max camber    =     0.078852  at x =   0.375

  LE  x,y  =  -0.00135   0.00619  |   Chord =   0.92366
  TE  x,y  =   0.92217   0.02232  |

 Current airfoil nodes set from buffer airfoil nodes (  82 )

 XFOIL   c>  
.OPERi   c>   Current iteration limit:          10

Enter new iteration limit   i>  
.OPERi   c>  
 XFOIL   c>  
 XFOIL   c>  
 XFOIL   c>  
.OPERi   c>  
.OPERi   c>  
 Sonic Cp =   -160.75      Sonic Q/Qinf =    14.128


.OPERi   c>  
 M  =    0.0646
 Re =   1548530

.OPERv   c>  
 Polar  1 newly created for accumulation
 Airfoil archived with polar: xfoil                                           

Enter  polar save filename  OR  <return> for no file   s>  
 Polar save file will NOT be written

Enter  polar dump filename  OR  <return> for no file   s>  
 Polar dump file will NOT be written

 Polar accumulation enabled

.OPERva   c>   Calculating unit vorticity distributions ...
 Calculating wake trajectory ...
 Calculating source influence matrix ...

 Solving BL system ...

 Initializing BL ...
    side            1  ...
 MRCHUE: Inverse mode at  23     Hk =   6.902
 MRCHUE: Inverse mode at  24     Hk =   3.201
 MRCHUE: Inverse mode at  41     Hk =   2.500
    side            2  ...
 MRCHUE: Inverse mode at   9     Hk =   6.803
 MRCHUE: Inverse mode at  10     Hk =   2.500
 MRCHUE: Inverse mode at  45     Hk =   2.007
 MRCHUE: Inverse mode at  46     Hk =   1.914

 Side 1  free  transition at x/c =  0.5078   24
 Side 2  free  transition at x/c =  0.0799   10

   1   rms: 0.1740E+00   max: 0.1010E+01   D at   47  2   RLX: 0.809
       a =  0.000      CL =  0.9078
      Cm = -0.1919     CD =  0.00791   =>   CDf =  0.00589    CDp =  0.00202

 Side 1  free  transition at x/c =  0.5376   25
 Side 2  free  transition at x/c =  0.0871   11

   2   rms: 0.6206E-01   max: 0.5718E+00   D at   25  1
       a =  0.000      CL =  0.8768
      Cm = -0.1855     CD =  0.00871   =>   CDf =  0.00580    CDp =  0.00291

 Side 1  free  transition at x/c =  0.5681   26
 Side 2  free  transition at x/c =  0.0853   11

   3   rms: 0.7168E-02   max: 0.8883E-01   D at   46  2
       a =  0.000      CL =  0.8737
      Cm = -0.1849     CD =  0.00876   =>   CDf =  0.00561    CDp =  0.00315

 Side 1  free  transition at x/c =  0.5681   26
 Side 2  free  transition at x/c =  0.0840   11

   4   rms: 0.6082E-03   max: -.5706E-02   D at   26  1
       a =  0.000      CL =  0.8737
      Cm = -0.1849     CD =  0.00877   =>   CDf =  0.00561    CDp =  0.00316

 Side 1  free  transition at x/c =  0.5678   26
 Side 2  free  transition at x/c =  0.0839   11

   5   rms: 0.4134E-05   max: 0.3185E-04   D at   10  2
       a =  0.000      CL =  0.8737
      Cm = -0.1849     CD =  0.00877   =>   CDf =  0.00561    CDp =  0.00316
 plradd ia,ip,cpol            1          40  0.31016999    

 Point added to stored polar  1
 Save file unspecified or not available
 Dump file unspecified or not available

.OPERva   c>  
.OPERva   c>  
.OPERva   c>  
        airfoil                    Re           Mach       Ncrit  XtripT  XtripB     file
       ------------------------  ------------  ----------  -----  ------  ------    -------------------
 >  1  xfoil                     1.549e6       0.065        9.00   1.000   1.000    

Enter polar output filename   s>  
.OPERva   c>  
 ==============================================================
 Polar  1
  
       XFOIL         Version 6.99
  
 Calculated polar for: xfoil                                           
  
 1 1 Reynolds number fixed          Mach number fixed         
  
 xtrf =   1.000 (top)        1.000 (bottom)  
 Mach =   0.065     Re =     1.549 e 6     Ncrit =   9.000
  
   alpha    CL        CD       CDp       CM     Top_Xtr  Bot_Xtr
  ------ -------- --------- --------- -------- -------- --------
   0.000   0.8737   0.00877   0.00316  -0.1849   0.5678   0.0839

.OPERva   c>  
 XFOIL   c>  