
 ===================================================
  XFOIL Version 6.99
  Copyright (C) 2000   Mark Drela, Harold Youngren

  This software comes with ABSOLUTELY NO WARRANTY,
    subject to the GNU General Public License.

  Caveat computor
 ===================================================

 File  xfoil.def  not found

   QUIT    Exit program

  .OPER    Direct operating point(s)
  .MDES    Complex mapping design routine
  .QDES    Surface speed design routine
  .GDES    Geometry design routine

   SAVE f  Write airfoil to labeled coordinate file
   PSAV f  Write airfoil to plain coordinate file
   ISAV f  Write airfoil to ISES coordinate file
   MSAV f  Write airfoil to MSES coordinate file
   REVE    Reverse written-airfoil node ordering

   LOAD f  Read buffer airfoil from coordinate file
   NACA i  Set NACA 4,5-digit airfoil and buffer airfoil
   INTE    Set buffer airfoil by interpolating two airfoils
   NORM    Buffer airfoil normalization toggle
   XYCM rr Change CM reference location, currently  0.25000 0.00000

   BEND    Display structural properties of current airfoil

   PCOP    Set current-airfoil panel nodes directly from buffer airfoil points
   PANE    Set current-airfoil panel nodes ( 160 ) based on curvature
  .PPAR    Show/change paneling

  .PLOP    Plotting options

   WDEF f  Write  current-settings file
   RDEF f  Reread current-settings file
   NAME s  Specify new airfoil name
   NINC    Increment name version number

   Z       Zoom    | (available in all menus)
   U       Unzoom  | 

 XFOIL   c>  
 Labeled airfoil file.  Name:  xfoil                                           

 Number of input coordinate points:  82
 Counterclockwise ordering
 Max thickness =     0.120638  at x =   0.282
 Max camber    =     0.077102  at x =   0.375

  LE  x,y  =  -0.00130   0.00613  |   Chord =   0.92359
  TE  x,y  =   0.92216   0.02184  |

 Current airfoil nodes set from buffer airfoil nodes (  82 )

 XFOIL   c>  
.OPERi   c>   Current iteration limit:          10

Enter new iteration limit   i>  
.OPERi   c>  
 XFOIL   c>  
 XFOIL   c>  
 XFOIL   c>  
.OPERi   c>  
.OPERi   c>  
 Sonic Cp =    -30.69      Sonic Q/Qinf =     6.227


.OPERi   c>  
 M  =    0.1469
 Re =   3519390

.OPERv   c>  
 Polar  1 newly created for accumulation
 Airfoil archived with polar: xfoil                                           

Enter  polar save filename  OR  <return> for no file   s>  
 Polar save file will NOT be written

Enter  polar dump filename  OR  <return> for no file   s>  
 Polar dump file will NOT be written

 Polar accumulation enabled

.OPERva   c>   Calculating unit vorticity distributions ...
 Calculating wake trajectory ...
 Calculating source influence matrix ...

 Solving BL system ...

 Initializing BL ...
    side            1  ...
 MRCHUE: Inverse mode at  23     Hk =   8.725
 MRCHUE: Inverse mode at  24     Hk =   2.500
 MRCHUE: Inverse mode at  41     Hk =   2.500
    side            2  ...
 MRCHUE: Inverse mode at   9     Hk =   8.516
 MRCHUE: Inverse mode at  10     Hk =   2.500
 MRCHUE: Inverse mode at  45     Hk =   2.017
 MRCHUE: Inverse mode at  46     Hk =   1.921

 Side 1  free  transition at x/c =  0.4780   23
 Side 2  free  transition at x/c =  0.0660    9

   1   rms: 0.2310E+00   max: -.1374E+01   D at   24  1   RLX: 0.364
       a =  0.000      CL =  0.9098
      Cm = -0.1905     CD =  0.00643   =>   CDf =  0.00492    CDp =  0.00151

 Side 1  free  transition at x/c =  0.4785   23
 Side 2  free  transition at x/c =  0.0663    9

   2   rms: 0.1521E+00   max: -.1007E+01   D at   24  1   RLX: 0.496
       a =  0.000      CL =  0.9003
      Cm = -0.1893     CD =  0.00704   =>   CDf =  0.00501    CDp =  0.00202

 MRCHDU: Convergence failed at  24  side 1    Res =  0.8721E+00
 MRCHDU: Convergence failed at  10  side 2    Res =  0.7882E+00
 Side 1  free  transition at x/c =  0.5422   25
 Side 2  free  transition at x/c =  0.0819   10

   3   rms: 0.7423E-01   max: -.5566E+00   C at   10  2   RLX: 0.898
       a =  0.000      CL =  0.8807
      Cm = -0.1859     CD =  0.00736   =>   CDf =  0.00484    CDp =  0.00252

 Side 1  free  transition at x/c =  0.5244   25
 Side 2  free  transition at x/c =  0.0771   10

   4   rms: 0.2556E-01   max: -.1895E+00   D at   25  1
       a =  0.000      CL =  0.8728
      Cm = -0.1844     CD =  0.00778   =>   CDf =  0.00498    CDp =  0.00280

 Side 1  free  transition at x/c =  0.5131   24
 Side 2  free  transition at x/c =  0.0746   10

   5   rms: 0.1778E-02   max: 0.2190E-01   D at   47  2
       a =  0.000      CL =  0.8732
      Cm = -0.1844     CD =  0.00773   =>   CDf =  0.00503    CDp =  0.00270

 Side 1  free  transition at x/c =  0.5129   24
 Side 2  free  transition at x/c =  0.0744   10

   6   rms: 0.1736E-03   max: 0.3008E-02   D at   47  2
       a =  0.000      CL =  0.8732
      Cm = -0.1844     CD =  0.00773   =>   CDf =  0.00503    CDp =  0.00270

 Side 1  free  transition at x/c =  0.5129   24
 Side 2  free  transition at x/c =  0.0744   10

   7   rms: 0.2134E-05   max: 0.3674E-04   D at   47  2
       a =  0.000      CL =  0.8732
      Cm = -0.1844     CD =  0.00773   =>   CDf =  0.00503    CDp =  0.00270
 plradd ia,ip,cpol            1          40  0.31029001    

 Point added to stored polar  1
 Save file unspecified or not available
 Dump file unspecified or not available

.OPERva   c>  
.OPERva   c>  
.OPERva   c>  
        airfoil                    Re           Mach       Ncrit  XtripT  XtripB     file
       ------------------------  ------------  ----------  -----  ------  ------    -------------------
 >  1  xfoil                     3.519e6       0.147        9.00   1.000   1.000    

Enter polar output filename   s>  
.OPERva   c>  
 ==============================================================
 Polar  1
  
       XFOIL         Version 6.99
  
 Calculated polar for: xfoil                                           
  
 1 1 Reynolds number fixed          Mach number fixed         
  
 xtrf =   1.000 (top)        1.000 (bottom)  
 Mach =   0.147     Re =     3.519 e 6     Ncrit =   9.000
  
   alpha    CL        CD       CDp       CM     Top_Xtr  Bot_Xtr
  ------ -------- --------- --------- -------- -------- --------
   0.000   0.8732   0.00773   0.00270  -0.1844   0.5129   0.0744

.OPERva   c>  
 XFOIL   c>  