
 ===================================================
  XFOIL Version 6.99
  Copyright (C) 2000   Mark Drela, Harold Youngren

  This software comes with ABSOLUTELY NO WARRANTY,
    subject to the GNU General Public License.

  Caveat computor
 ===================================================

 File  xfoil.def  not found

   QUIT    Exit program

  .OPER    Direct operating point(s)
  .MDES    Complex mapping design routine
  .QDES    Surface speed design routine
  .GDES    Geometry design routine

   SAVE f  Write airfoil to labeled coordinate file
   PSAV f  Write airfoil to plain coordinate file
   ISAV f  Write airfoil to ISES coordinate file
   MSAV f  Write airfoil to MSES coordinate file
   REVE    Reverse written-airfoil node ordering

   LOAD f  Read buffer airfoil from coordinate file
   NACA i  Set NACA 4,5-digit airfoil and buffer airfoil
   INTE    Set buffer airfoil by interpolating two airfoils
   NORM    Buffer airfoil normalization toggle
   XYCM rr Change CM reference location, currently  0.25000 0.00000

   BEND    Display structural properties of current airfoil

   PCOP    Set current-airfoil panel nodes directly from buffer airfoil points
   PANE    Set current-airfoil panel nodes ( 160 ) based on curvature
  .PPAR    Show/change paneling

  .PLOP    Plotting options

   WDEF f  Write  current-settings file
   RDEF f  Reread current-settings file
   NAME s  Specify new airfoil name
   NINC    Increment name version number

   Z       Zoom    | (available in all menus)
   U       Unzoom  | 

 XFOIL   c>  
 Labeled airfoil file.  Name:  xfoil                                           

 Number of input coordinate points:  82
 Counterclockwise ordering
 Max thickness =     0.119035  at x =   0.290
 Max camber    =     0.048323  at x =   0.409

  LE  x,y  =   0.00012   0.00031  |   Chord =   0.92224
  TE  x,y  =   0.92217  -0.01856  |

 Current airfoil nodes set from buffer airfoil nodes (  82 )

 XFOIL   c>  
.OPERi   c>   Current iteration limit:          10

Enter new iteration limit   i>  
.OPERi   c>  
 XFOIL   c>  
 XFOIL   c>  
 XFOIL   c>  
.OPERi   c>  
.OPERi   c>  
 Sonic Cp =   -160.75      Sonic Q/Qinf =    14.128


.OPERi   c>  
 M  =    0.0646
 Re =   1548530

.OPERv   c>  
 Polar  1 newly created for accumulation
 Airfoil archived with polar: xfoil                                           

Enter  polar save filename  OR  <return> for no file   s>  
 Polar save file will NOT be written

Enter  polar dump filename  OR  <return> for no file   s>  
 Polar dump file will NOT be written

 Polar accumulation enabled

.OPERva   c>   Calculating unit vorticity distributions ...
 Calculating wake trajectory ...
 Calculating source influence matrix ...

 Solving BL system ...

 Initializing BL ...
    side            1  ...
 MRCHUE: Inverse mode at  22     Hk =   2.500
 MRCHUE: Inverse mode at  43     Hk =   2.500
 MRCHUE: Inverse mode at  44     Hk =   2.500
    side            2  ...
 MRCHUE: Inverse mode at  40     Hk =   3.583
 MRCHUE: Inverse mode at  42     Hk =   2.354
 MRCHUE: Inverse mode at  43     Hk =   2.159

 Side 1  free  transition at x/c =  0.3370   22
 Side 2 forced transition at x/c =  1.0002   40

   1   rms: 0.3446E+00   max: -.4191E+01   C at   40  2   RLX: 0.119
       a =  5.000      CL =  1.2660
      Cm = -0.1016     CD =  0.00610   =>   CDf =  0.00451    CDp =  0.00159

 Side 1  free  transition at x/c =  0.3396   22
 Side 2 forced transition at x/c =  1.0002   40

   2   rms: 0.2092E+00   max: -.2648E+01   C at   40  2   RLX: 0.189
       a =  5.000      CL =  1.2590
      Cm = -0.1008     CD =  0.00655   =>   CDf =  0.00451    CDp =  0.00204

 Side 1  free  transition at x/c =  0.3401   22
 Side 2 forced transition at x/c =  1.0002   40

   3   rms: 0.1576E+00   max: -.1776E+01   C at   40  2   RLX: 0.282
       a =  5.000      CL =  1.2529
      Cm = -0.1002     CD =  0.00718   =>   CDf =  0.00454    CDp =  0.00264

 Side 1  free  transition at x/c =  0.3450   23
 Side 2 forced transition at x/c =  1.0002   40

   4   rms: 0.1072E+00   max: -.1076E+01   C at   40  2   RLX: 0.465
       a =  5.000      CL =  1.2449
      Cm = -0.0991     CD =  0.00791   =>   CDf =  0.00454    CDp =  0.00336

 Side 1  free  transition at x/c =  0.3571   23
 Side 2 forced transition at x/c =  1.0002   40

   5   rms: 0.5445E-01   max: -.4276E+00   C at   40  2
       a =  5.000      CL =  1.2301
      Cm = -0.0967     CD =  0.00883   =>   CDf =  0.00448    CDp =  0.00435

 Side 1  free  transition at x/c =  0.3648   23
 Side 2 forced transition at x/c =  1.0002   40

   6   rms: 0.7139E-02   max: 0.1077E+00   D at   44  2
       a =  5.000      CL =  1.2274
      Cm = -0.0963     CD =  0.00898   =>   CDf =  0.00445    CDp =  0.00453

 Side 1  free  transition at x/c =  0.3656   23
 Side 2 forced transition at x/c =  1.0002   40

   7   rms: 0.1037E-02   max: 0.1733E-01   D at   44  2
       a =  5.000      CL =  1.2273
      Cm = -0.0962     CD =  0.00897   =>   CDf =  0.00444    CDp =  0.00453

 Side 1  free  transition at x/c =  0.3656   23
 Side 2 forced transition at x/c =  1.0002   40

   8   rms: 0.3048E-04   max: 0.5196E-03   D at   44  2
       a =  5.000      CL =  1.2273
      Cm = -0.0962     CD =  0.00897   =>   CDf =  0.00444    CDp =  0.00453
 plradd ia,ip,cpol            1          43  3.51499990E-02

 Point added to stored polar  1
 Save file unspecified or not available
 Dump file unspecified or not available

.OPERva   c>  
.OPERva   c>  
.OPERva   c>  
        airfoil                    Re           Mach       Ncrit  XtripT  XtripB     file
       ------------------------  ------------  ----------  -----  ------  ------    -------------------
 >  1  xfoil                     1.549e6       0.065        9.00   1.000   1.000    

Enter polar output filename   s>  
.OPERva   c>  
 ==============================================================
 Polar  1
  
       XFOIL         Version 6.99
  
 Calculated polar for: xfoil                                           
  
 1 1 Reynolds number fixed          Mach number fixed         
  
 xtrf =   1.000 (top)        1.000 (bottom)  
 Mach =   0.065     Re =     1.549 e 6     Ncrit =   9.000
  
   alpha    CL        CD       CDp       CM     Top_Xtr  Bot_Xtr
  ------ -------- --------- --------- -------- -------- --------
   5.000   1.2273   0.00897   0.00453  -0.0962   0.3656   1.0002

.OPERva   c>  
 XFOIL   c>  